0 info it worked if it ends with ok
1 verbose cli [ 'node', '/usr/local/bin/npm', 'version', 'patch' ]
2 info using npm@1.3.21
3 info using node@v0.10.24
4 error version Bad package.json data
5 error SyntaxError: Unexpected string
5 error     at Object.parse (native)
5 error     at /usr/local/lib/node_modules/npm/lib/version.js:50:19
5 error     at fs.js:266:14
5 error     at /usr/local/lib/node_modules/npm/node_modules/graceful-fs/graceful-fs.js:103:5
5 error     at Object.oncomplete (fs.js:107:15)
6 error If you need help, you may report this *entire* log,
6 error including the npm and node versions, at:
6 error     <http://github.com/isaacs/npm/issues>
7 error System Darwin 13.1.0
8 error command "node" "/usr/local/bin/npm" "version" "patch"
9 error cwd /Users/aleksandargosevski/Sites/tagster
10 error node -v v0.10.24
11 error npm -v 1.3.21
12 error type unexpected_token_string
13 verbose exit [ 1, true ]
